[09:24:05] [main/DEBUG] [FML/]: Injecting tracing printstreams for STDOUT/STDERR.
[09:24:05] [main/INFO] [FML/]: Forge Mod Loader version 7.99.36.1558 for Minecraft 1.7.10 loading
[09:24:05] [main/INFO] [FML/]: Java is Java HotSpot(TM) 64-Bit Server VM, version 1.8.0_221, running on Windows 10:amd64:10.0, installed at C:\Program Files\Java\jre1.8.0_221
[09:24:05] [main/DEBUG] [FML/]: Java classpath at launch is forge_server.jar
[09:24:05] [main/DEBUG] [FML/]: Java library path at launch is C:\Program Files (x86)\Common Files\Oracle\Java\javapath;C:\WINDOWS\Sun\Java\bin;C:\WINDOWS\system32;C:\WINDOWS;C:\Users\chizz\bin;C:\Program Files\Git\mingw64\bin;C:\Program Files\Git\usr\local\bin;C:\Program Files\Git\usr\bin;C:\Program Files\Git\usr\bin;C:\Program Files\Git\mingw64\bin;C:\Program Files\Git\usr\bin;C:\Users\chizz\bin;C:\Program Files (x86)\Common Files\Oracle\Java\javapath;C:\Windows\system32;C:\Windows;C:\Windows\System32\Wbem;C:\Windows\System32\WindowsPowerShell\v1.0;C:\Program Files (x86)\NVIDIA Corporation\PhysX\Common;C:\WINDOWS\system32;C:\WINDOWS;C:\WINDOWS\System32\Wbem;C:\WINDOWS\System32\WindowsPowerShell\v1.0;C:\WINDOWS\System32\OpenSSH;C:\Program Files\PuTTY;C:\Program Files\Git\cmd;C:\Go\bin;C:\Program Files\nodejs;C:\Users\chizz\AppData\Local\Programs\Python\Python37\Scripts;C:\Users\chizz\AppData\Local\Programs\Python\Python37;C:\Users\chizz\AppData\Local\Microsoft\WindowsApps;C:\Program Files\mingw-w64\x86_64-8.1.0-posix-seh-rt_v6-rev0\mingw64\bin;C:\Users\chizz\go\bin;C:\Users\chizz\AppData\Roaming\npm;C:\Users\chizz\AppData\Local\Programs\Microsoft VS Code\bin;C:\Program Files\Git\usr\bin\vendor_perl;C:\Program Files\Git\usr\bin\core_perl;.
[09:24:05] [main/DEBUG] [FML/]: Enabling runtime deobfuscation
[09:24:05] [main/DEBUG] [FML/]: Instantiating coremod class FMLCorePlugin
[09:24:05] [main/DEBUG] [FML/]: Added access transformer class cpw.mods.fml.common.asm.transformers.AccessTransformer to enqueued access transformers
[09:24:05] [main/DEBUG] [FML/]: Enqueued coremod FMLCorePlugin
[09:24:05] [main/DEBUG] [FML/]: Instantiating coremod class FMLForgePlugin
[09:24:05] [main/DEBUG] [FML/]: Added access transformer class net.minecraftforge.transformers.ForgeAccessTransformer to enqueued access transformers
[09:24:05] [main/DEBUG] [FML/]: Enqueued coremod FMLForgePlugin
[09:24:05] [main/DEBUG] [FML/]: All fundamental core mods are successfully located
[09:24:05] [main/DEBUG] [FML/]: Attempting to load commandline specified mods, relative to C:\Users\chizz\Documents\Projects\TFCVR\Server\.
[09:24:05] [main/DEBUG] [FML/]: Discovering coremods
[09:24:05] [main/DEBUG] [FML/]: Examining for coremod candidacy 1.7.10-TerraFirmaCraft-0.79.30.925.jar
[09:24:05] [main/TRACE] [FML/]: Found FMLCorePluginContainsFMLMod marker in 1.7.10-TerraFirmaCraft-0.79.30.925.jar, it will be examined later for regular @Mod instances
[09:24:05] [main/DEBUG] [FML/]: Instantiating coremod class TFCASMLoadingPlugin
[09:24:05] [main/WARN] [FML/]: The coremod com.bioxx.tfc.TFCASMLoadingPlugin does not have a MCVersion annotation, it may cause issues with this version of Minecraft
[09:24:05] [main/DEBUG] [FML/]: Enqueued coremod TFCASMLoadingPlugin
[09:24:05] [main/DEBUG] [FML/]: Examining for coremod candidacy fastcraft-1.25.jar
[09:24:05] [main/INFO] [FML/]: Loading tweaker fastcraft.Tweaker from fastcraft-1.25.jar
[09:24:05] [main/DEBUG] [FML/]: Examining for coremod candidacy KCauldron-Backport-1558-1.7.10-1558.201.jar
[09:24:05] [main/INFO] [FML/]: Loading tweaker cpw.mods.fml.common.launcher.FMLTweaker from KCauldron-Backport-1558-1.7.10-1558.201.jar
[09:24:05] [main/INFO] [LaunchWrapper/]: Loading tweak class name cpw.mods.fml.common.launcher.FMLInjectionAndSortingTweaker
[09:24:05] [main/INFO] [LaunchWrapper/]: Loading tweak class name fastcraft.Tweaker
[09:24:05] [main/INFO] [LaunchWrapper/]: Loading tweak class name cpw.mods.fml.common.launcher.FMLTweaker
[09:24:05] [main/ERROR] [LaunchWrapper/]: Unable to launch
java.lang.RuntimeException: FML was unable to install the security manager. The game will not start
	at cpw.mods.fml.common.launcher.FMLTweaker.<init>(FMLTweaker.java:39) ~[forge_server.jar:?]
	at sun.reflect.NativeConstructorAccessorImpl.newInstance0(Native Method) ~[?:1.8.0_221]
	at sun.reflect.NativeConstructorAccessorImpl.newInstance(Unknown Source) ~[?:1.8.0_221]
	at sun.reflect.DelegatingConstructorAccessorImpl.newInstance(Unknown Source) ~[?:1.8.0_221]
	at java.lang.reflect.Constructor.newInstance(Unknown Source) ~[?:1.8.0_221]
	at java.lang.Class.newInstance(Unknown Source) ~[?:1.8.0_221]
	at net.minecraft.launchwrapper.Launch.launch(Launch.java:98) [launchwrapper-1.12.jar:?]
	at net.minecraft.launchwrapper.Launch.main(Launch.java:28) [launchwrapper-1.12.jar:?]
	at sun.reflect.NativeMethodAccessorImpl.invoke0(Native Method) ~[?:1.8.0_221]
	at sun.reflect.NativeMethodAccessorImpl.invoke(Unknown Source) ~[?:1.8.0_221]
	at sun.reflect.DelegatingMethodAccessorImpl.invoke(Unknown Source) ~[?:1.8.0_221]
	at java.lang.reflect.Method.invoke(Unknown Source) ~[?:1.8.0_221]
	at cpw.mods.fml.relauncher.ServerLaunchWrapper.run(ServerLaunchWrapper.java:43) [forge_server.jar:?]
	at cpw.mods.fml.relauncher.ServerLaunchWrapper.main(ServerLaunchWrapper.java:12) [forge_server.jar:?]
Caused by: java.lang.SecurityException: Cannot replace the FML security manager
	at cpw.mods.fml.relauncher.FMLSecurityManager.checkPermission(FMLSecurityManager.java:30) ~[forge_server.jar:?]
	at java.lang.System.setSecurityManager0(Unknown Source) ~[?:1.8.0_221]
	at java.lang.System.setSecurityManager(Unknown Source) ~[?:1.8.0_221]
	at cpw.mods.fml.common.launcher.FMLTweaker.<init>(FMLTweaker.java:35) ~[forge_server.jar:?]
	... 13 more
[09:24:05] [main/INFO] [STDERR/]: [java.lang.Throwable$WrappedPrintStream:println:-1]: java.lang.reflect.InvocationTargetException
[09:24:05] [main/INFO] [STDERR/]: [java.lang.Throwable$WrappedPrintStream:println:-1]: 	at sun.reflect.NativeMethodAccessorImpl.invoke0(Native Method)
[09:24:05] [main/INFO] [STDERR/]: [java.lang.Throwable$WrappedPrintStream:println:-1]: 	at sun.reflect.NativeMethodAccessorImpl.invoke(Unknown Source)
[09:24:05] [main/INFO] [STDERR/]: [java.lang.Throwable$WrappedPrintStream:println:-1]: 	at sun.reflect.DelegatingMethodAccessorImpl.invoke(Unknown Source)
[09:24:05] [main/INFO] [STDERR/]: [java.lang.Throwable$WrappedPrintStream:println:-1]: 	at java.lang.reflect.Method.invoke(Unknown Source)
[09:24:05] [main/INFO] [STDERR/]: [java.lang.Throwable$WrappedPrintStream:println:-1]: 	at cpw.mods.fml.relauncher.ServerLaunchWrapper.run(ServerLaunchWrapper.java:43)
[09:24:05] [main/INFO] [STDERR/]: [java.lang.Throwable$WrappedPrintStream:println:-1]: 	at cpw.mods.fml.relauncher.ServerLaunchWrapper.main(ServerLaunchWrapper.java:12)
[09:24:05] [main/INFO] [STDERR/]: [java.lang.Throwable$WrappedPrintStream:println:-1]: Caused by: cpw.mods.fml.relauncher.FMLSecurityManager$ExitTrappedException
[09:24:05] [main/INFO] [STDERR/]: [java.lang.Throwable$WrappedPrintStream:println:-1]: 	at cpw.mods.fml.relauncher.FMLSecurityManager.checkPermission(FMLSecurityManager.java:25)
[09:24:05] [main/INFO] [STDERR/]: [java.lang.Throwable$WrappedPrintStream:println:-1]: 	at java.lang.SecurityManager.checkExit(Unknown Source)
[09:24:05] [main/INFO] [STDERR/]: [java.lang.Throwable$WrappedPrintStream:println:-1]: 	at java.lang.Runtime.exit(Unknown Source)
[09:24:05] [main/INFO] [STDERR/]: [java.lang.Throwable$WrappedPrintStream:println:-1]: 	at java.lang.System.exit(Unknown Source)
[09:24:05] [main/INFO] [STDERR/]: [java.lang.Throwable$WrappedPrintStream:println:-1]: 	at net.minecraft.launchwrapper.Launch.launch(Launch.java:138)
[09:24:05] [main/INFO] [STDERR/]: [java.lang.Throwable$WrappedPrintStream:println:-1]: 	at net.minecraft.launchwrapper.Launch.main(Launch.java:28)
[09:24:05] [main/INFO] [STDERR/]: [java.lang.Throwable$WrappedPrintStream:println:-1]: 	... 6 more
