[17:34:17] [Server thread/INFO]: Starting minecraft server version 1.7.10
[17:34:19] [Server thread/INFO]: Loading properties
[17:34:20] [Server thread/INFO]: Default game type: SURVIVAL
[17:34:20] [Server thread/INFO]: Generating keypair
[17:34:20] [Server thread/INFO]: Starting Minecraft server on *:25565
[17:34:20] [Server thread/WARN]: Failed to load user banlist: 
java.io.FileNotFoundException: banned-players.json (The system cannot find the file specified)
	at java.io.FileInputStream.open0(Native Method) ~[?:1.8.0_211]
	at java.io.FileInputStream.open(Unknown Source) ~[?:1.8.0_211]
	at java.io.FileInputStream.<init>(Unknown Source) ~[?:1.8.0_211]
	at com.google.common.io.Files.newReader(Files.java:86) ~[guava-17.0.jar:?]
	at net.minecraft.server.management.UserList.func_152679_g(SourceFile:124) ~[om.class:?]
	at net.minecraft.server.dedicated.DedicatedPlayerList.func_152620_y(SourceFile:99) [ls.class:?]
	at net.minecraft.server.dedicated.DedicatedPlayerList.<init>(SourceFile:25) [ls.class:?]
	at net.minecraft.server.dedicated.DedicatedServer.func_71197_b(DedicatedServer.java:211) [lt.class:?]
	at net.minecraft.server.MinecraftServer.run(MinecraftServer.java:387) [MinecraftServer.class:?]
	at net.minecraft.server.MinecraftServer$2.run(MinecraftServer.java:685) [li.class:?]
[17:34:20] [Server thread/WARN]: Failed to load ip banlist: 
java.io.FileNotFoundException: banned-ips.json (The system cannot find the file specified)
	at java.io.FileInputStream.open0(Native Method) ~[?:1.8.0_211]
	at java.io.FileInputStream.open(Unknown Source) ~[?:1.8.0_211]
	at java.io.FileInputStream.<init>(Unknown Source) ~[?:1.8.0_211]
	at com.google.common.io.Files.newReader(Files.java:86) ~[guava-17.0.jar:?]
	at net.minecraft.server.management.UserList.func_152679_g(SourceFile:124) ~[om.class:?]
	at net.minecraft.server.dedicated.DedicatedPlayerList.func_152619_x(SourceFile:91) [ls.class:?]
	at net.minecraft.server.dedicated.DedicatedPlayerList.<init>(SourceFile:27) [ls.class:?]
	at net.minecraft.server.dedicated.DedicatedServer.func_71197_b(DedicatedServer.java:211) [lt.class:?]
	at net.minecraft.server.MinecraftServer.run(MinecraftServer.java:387) [MinecraftServer.class:?]
	at net.minecraft.server.MinecraftServer$2.run(MinecraftServer.java:685) [li.class:?]
[17:34:20] [Server thread/WARN]: Failed to load operators list: 
java.io.FileNotFoundException: ops.json (The system cannot find the file specified)
	at java.io.FileInputStream.open0(Native Method) ~[?:1.8.0_211]
	at java.io.FileInputStream.open(Unknown Source) ~[?:1.8.0_211]
	at java.io.FileInputStream.<init>(Unknown Source) ~[?:1.8.0_211]
	at com.google.common.io.Files.newReader(Files.java:86) ~[guava-17.0.jar:?]
	at net.minecraft.server.management.UserList.func_152679_g(SourceFile:124) ~[om.class:?]
	at net.minecraft.server.dedicated.DedicatedPlayerList.func_72417_t(SourceFile:107) [ls.class:?]
	at net.minecraft.server.dedicated.DedicatedPlayerList.<init>(SourceFile:29) [ls.class:?]
	at net.minecraft.server.dedicated.DedicatedServer.func_71197_b(DedicatedServer.java:211) [lt.class:?]
	at net.minecraft.server.MinecraftServer.run(MinecraftServer.java:387) [MinecraftServer.class:?]
	at net.minecraft.server.MinecraftServer$2.run(MinecraftServer.java:685) [li.class:?]
[17:34:20] [Server thread/WARN]: Failed to load white-list: 
java.io.FileNotFoundException: whitelist.json (The system cannot find the file specified)
	at java.io.FileInputStream.open0(Native Method) ~[?:1.8.0_211]
	at java.io.FileInputStream.open(Unknown Source) ~[?:1.8.0_211]
	at java.io.FileInputStream.<init>(Unknown Source) ~[?:1.8.0_211]
	at com.google.common.io.Files.newReader(Files.java:86) ~[guava-17.0.jar:?]
	at net.minecraft.server.management.UserList.func_152679_g(SourceFile:124) ~[om.class:?]
	at net.minecraft.server.dedicated.DedicatedPlayerList.func_72418_v(SourceFile:123) [ls.class:?]
	at net.minecraft.server.dedicated.DedicatedPlayerList.<init>(SourceFile:30) [ls.class:?]
	at net.minecraft.server.dedicated.DedicatedServer.func_71197_b(DedicatedServer.java:211) [lt.class:?]
	at net.minecraft.server.MinecraftServer.run(MinecraftServer.java:387) [MinecraftServer.class:?]
	at net.minecraft.server.MinecraftServer$2.run(MinecraftServer.java:685) [li.class:?]
[17:34:20] [Server thread/INFO]: Preparing level "world"
[17:34:21] [Server thread/INFO]: Preparing start region for level 0
[17:34:22] [Server thread/INFO]: Preparing spawn area: 7%
[17:34:23] [Server thread/INFO]: Preparing spawn area: 21%
[17:34:24] [Server thread/INFO]: Preparing spawn area: 37%
[17:34:25] [Server thread/INFO]: Preparing spawn area: 51%
[17:34:26] [Server thread/INFO]: Preparing spawn area: 70%
[17:34:27] [Server thread/INFO]: Preparing spawn area: 83%
[17:34:28] [Server thread/INFO]: Preparing spawn area: 98%
[17:34:28] [Server thread/INFO]: Done (7.876s)! For help, type "help" or "?"
[17:34:36] [Server thread/INFO]: Unknown command. Try /help for a list of commands
[17:34:37] [Server thread/INFO]: Stopping the server
[17:34:37] [Server thread/INFO]: Stopping server
[17:34:37] [Server thread/INFO]: Saving players
[17:34:37] [Server thread/INFO]: Saving worlds
[17:34:37] [Server thread/INFO]: Saving chunks for level 'world'/DEFAULT
[17:34:37] [Server thread/INFO]: Saving chunks for level 'world'/Nether
[17:34:37] [Server thread/INFO]: Saving chunks for level 'world'/DEFAULT
